<?xml version="1.0" encoding="UTF-8"?>
<testsuite xmlns:xsi="http://www.w3.org/2001/XMLSchema-instance" xsi:noNamespaceSchemaLocation="https://maven.apache.org/surefire/maven-surefire-plugin/xsd/surefire-test-report-3.0.xsd" version="3.0" name="com.khalil.sma.SMATests" time="13.022" tests="7" errors="0" skipped="0" failures="0">
  <properties>
[...]
</properties>
  <testcase name="testfindByGenre" classname="com.khalil.sma.SMATests" time="0.614">
    <system-out><![CDATA[23:11:44.918 [main] INFO org.springframework.test.context.support.AnnotationConfigContextLoaderUtils -- Could not detect default configuration classes for test class [com.khalil.sma.SMATests]: SMATests does not declare any static, non-private, non-final, nested classes annotated with @Configuration.
23:11:45.008 [main] INFO org.springframework.boot.test.context.SpringBootTestContextBootstrapper -- Found @SpringBootConfiguration com.khalil.sma.SMA for test class com.khalil.sma.SMATests

  .   ____          _            __ _ _
 /\\ / ___'_ __ _ _(_)_ __  __ _ \ \ \ \
( ( )\___ | '_ | '_| | '_ \/ _` | \ \ \ \
 \\/  ___)| |_)| | | | | || (_| |  ) ) ) )
  '  |____| .__|_| |_|_| |_\__, | / / / /
 =========|_|==============|___/=/_/_/_/
 :: Spring Boot ::       (v3.1.0-SNAPSHOT)

2023-11-29T23:11:46.490+01:00  INFO 20624 --- [           main] com.khalil.sma.SMATests                  : Starting SMATests using Java 17.0.6 with PID 20624 (started by venom-16 in C:\Users\venom-16\Desktop\SpringBootCloud\AngularGMS_SpringbootMainService-main)
2023-11-29T23:11:46.492+01:00  INFO 20624 --- [           main] com.khalil.sma.SMATests                  : No active profile set, falling back to 1 default profile: "default"
2023-11-29T23:11:47.861+01:00  INFO 20624 --- [           main] .s.d.r.c.RepositoryConfigurationDelegate : Bootstrapping Spring Data JPA repositories in DEFAULT mode.
2023-11-29T23:11:48.166+01:00  INFO 20624 --- [           main] .s.d.r.c.RepositoryConfigurationDelegate : Finished Spring Data repository scanning in 295 ms. Found 4 JPA repository interfaces.
2023-11-29T23:11:48.571+01:00  INFO 20624 --- [           main] o.s.cloud.context.scope.GenericScope     : BeanFactory id=682fdbfa-f05a-3508-b489-9ced4ed9b7b6
2023-11-29T23:11:48.797+01:00  INFO 20624 --- [           main] trationDelegate$BeanPostProcessorChecker : Bean 'org.springframework.ws.config.annotation.DelegatingWsConfiguration' of type [org.springframework.ws.config.annotation.DelegatingWsConfiguration$$SpringCGLIB$$0] is not eligible for getting processed by all BeanPostProcessors (for example: not eligible for auto-proxying)
2023-11-29T23:11:48.880+01:00  INFO 20624 --- [           main] .w.s.a.s.AnnotationActionEndpointMapping : Supporting [WS-Addressing August 2004, WS-Addressing 1.0]
2023-11-29T23:11:49.081+01:00  INFO 20624 --- [           main] o.hibernate.jpa.internal.util.LogHelper  : HHH000204: Processing PersistenceUnitInfo [name: default]
2023-11-29T23:11:49.197+01:00  INFO 20624 --- [           main] org.hibernate.Version                    : HHH000412: Hibernate ORM core version 6.2.2.Final
2023-11-29T23:11:49.202+01:00  INFO 20624 --- [           main] org.hibernate.cfg.Environment            : HHH000406: Using bytecode reflection optimizer
2023-11-29T23:11:49.477+01:00  INFO 20624 --- [           main] o.h.b.i.BytecodeProviderInitiator        : HHH000021: Bytecode provider name : bytebuddy
2023-11-29T23:11:49.662+01:00  INFO 20624 --- [           main] o.s.o.j.p.SpringPersistenceUnitInfo      : No LoadTimeWeaver setup: ignoring JPA class transformer
2023-11-29T23:11:49.682+01:00  INFO 20624 --- [           main] com.zaxxer.hikari.HikariDataSource       : HikariPool-1 - Starting...
2023-11-29T23:11:49.844+01:00  INFO 20624 --- [           main] com.zaxxer.hikari.pool.HikariPool        : HikariPool-1 - Added connection com.mysql.cj.jdbc.ConnectionImpl@77fb1002
2023-11-29T23:11:49.846+01:00  INFO 20624 --- [           main] com.zaxxer.hikari.HikariDataSource       : HikariPool-1 - Start completed.
2023-11-29T23:11:49.904+01:00  WARN 20624 --- [           main] org.hibernate.dialect.Dialect            : HHH000511: The 5.5.0 version for [org.hibernate.dialect.MySQLDialect] is no longer supported, hence certain features may not work properly. The minimum supported version is 5.7.0. Check the community dialects project for available legacy versions.
2023-11-29T23:11:49.908+01:00  INFO 20624 --- [           main] org.hibernate.orm.dialect                : HHH035001: Using dialect: org.hibernate.dialect.MySQLDialect, version: 5.5
2023-11-29T23:11:50.173+01:00  INFO 20624 --- [           main] o.h.b.i.BytecodeProviderInitiator        : HHH000021: Bytecode provider name : bytebuddy
2023-11-29T23:11:50.925+01:00  INFO 20624 --- [           main] o.h.e.t.j.p.i.JtaPlatformInitiator       : HHH000490: Using JtaPlatform implementation: [org.hibernate.engine.transaction.jta.platform.internal.NoJtaPlatform]
Hibernate: alter table image modify column image  mediumblob
2023-11-29T23:11:51.035+01:00  INFO 20624 --- [           main] j.LocalContainerEntityManagerFactoryBean : Initialized JPA EntityManagerFactory for persistence unit 'default'
2023-11-29T23:11:51.524+01:00  INFO 20624 --- [           main] o.s.d.j.r.query.QueryEnhancerFactory     : Hibernate is in classpath; If applicable, HQL parser will be used.
2023-11-29T23:11:52.802+01:00  WARN 20624 --- [           main] JpaBaseConfiguration$JpaWebConfiguration : spring.jpa.open-in-view is enabled by default. Therefore, database queries may be performed during view rendering. Explicitly configure spring.jpa.open-in-view to disable this warning
2023-11-29T23:11:54.519+01:00  INFO 20624 --- [           main] o.s.cloud.commons.util.InetUtils         : Cannot determine local hostname
2023-11-29T23:11:54.658+01:00  INFO 20624 --- [           main] o.s.b.a.e.web.EndpointLinksResolver      : Exposing 1 endpoint(s) beneath base path '/actuator'
2023-11-29T23:11:54.701+01:00  INFO 20624 --- [           main] o.s.s.web.DefaultSecurityFilterChain     : Will secure any request with [org.springframework.security.web.session.DisableEncodeUrlFilter@3128be29, org.springframework.security.web.context.request.async.WebAsyncManagerIntegrationFilter@412b4aed, org.springframework.security.web.context.SecurityContextHolderFilter@345f429, org.springframework.security.web.header.HeaderWriterFilter@ed37f28, org.springframework.web.filter.CorsFilter@4da454a7, org.springframework.security.web.authentication.logout.LogoutFilter@7553ad52, com.khalil.sma.security.JWTAuthorizationFilter@12139db0, org.springframework.security.web.savedrequest.RequestCacheAwareFilter@341f2f4c, org.springframework.security.web.servletapi.SecurityContextHolderAwareRequestFilter@1b717d03, org.springframework.security.web.authentication.AnonymousAuthenticationFilter@66beb02d, org.springframework.security.web.session.SessionManagementFilter@9d7d83d, org.springframework.security.web.access.ExceptionTranslationFilter@3d7c76af, org.springframework.security.web.access.intercept.AuthorizationFilter@10fc01e0]
2023-11-29T23:11:54.991+01:00  WARN 20624 --- [           main] ion$DefaultTemplateResolverConfiguration : Cannot find template location: classpath:/templates/ (please add some templates, check your Thymeleaf configuration, or set spring.thymeleaf.check-template-location=false)
2023-11-29T23:11:56.323+01:00  INFO 20624 --- [           main] o.s.cloud.commons.util.InetUtils         : Cannot determine local hostname
2023-11-29T23:11:56.331+01:00  INFO 20624 --- [           main] DiscoveryClientOptionalArgsConfiguration : Eureka HTTP Client uses RestTemplate.
2023-11-29T23:11:56.383+01:00  WARN 20624 --- [           main] iguration$LoadBalancerCaffeineWarnLogger : Spring Cloud LoadBalancer is currently working with the default cache. While this cache implementation is useful for development and tests, it's recommended to use Caffeine cache in production.You can switch to using Caffeine cache, by adding it and org.springframework.cache.caffeine.CaffeineCacheManager to the classpath.
2023-11-29T23:11:56.458+01:00  INFO 20624 --- [           main] o.s.c.n.eureka.InstanceInfoFactory       : Setting initial instance status as: STARTING
2023-11-29T23:11:56.547+01:00  INFO 20624 --- [           main] com.netflix.discovery.DiscoveryClient    : Initializing Eureka in region us-east-1
2023-11-29T23:11:56.555+01:00  INFO 20624 --- [           main] c.n.d.s.r.aws.ConfigClusterResolver      : Resolving eureka endpoints via configuration
2023-11-29T23:11:56.583+01:00  INFO 20624 --- [           main] com.netflix.discovery.DiscoveryClient    : Disable delta property : false
2023-11-29T23:11:56.583+01:00  INFO 20624 --- [           main] com.netflix.discovery.DiscoveryClient    : Single vip registry refresh property : null
2023-11-29T23:11:56.583+01:00  INFO 20624 --- [           main] com.netflix.discovery.DiscoveryClient    : Force full registry fetch : false
2023-11-29T23:11:56.583+01:00  INFO 20624 --- [           main] com.netflix.discovery.DiscoveryClient    : Application is null : false
2023-11-29T23:11:56.584+01:00  INFO 20624 --- [           main] com.netflix.discovery.DiscoveryClient    : Registered Applications size is zero : true
2023-11-29T23:11:56.584+01:00  INFO 20624 --- [           main] com.netflix.discovery.DiscoveryClient    : Application version is -1: true
2023-11-29T23:11:56.584+01:00  INFO 20624 --- [           main] com.netflix.discovery.DiscoveryClient    : Getting all instance registry info from the eureka server
2023-11-29T23:11:56.965+01:00  INFO 20624 --- [           main] com.netflix.discovery.DiscoveryClient    : The response status is 200
2023-11-29T23:11:56.968+01:00  INFO 20624 --- [           main] com.netflix.discovery.DiscoveryClient    : Starting heartbeat executor: renew interval is: 30
2023-11-29T23:11:56.971+01:00  INFO 20624 --- [           main] c.n.discovery.InstanceInfoReplicator     : InstanceInfoReplicator onDemand update allowed rate per min is 4
2023-11-29T23:11:56.976+01:00  INFO 20624 --- [           main] com.netflix.discovery.DiscoveryClient    : Discovery Client initialized at timestamp 1701295916975 with initial instances count: 2
2023-11-29T23:11:56.978+01:00  INFO 20624 --- [           main] o.s.c.n.e.s.EurekaServiceRegistry        : Registering application GAMES-SERVICE with eureka with status UP
2023-11-29T23:11:56.978+01:00  INFO 20624 --- [           main] com.netflix.discovery.DiscoveryClient    : Saw local status change event StatusChangeEvent [timestamp=1701295916978, current=UP, previous=STARTING]
2023-11-29T23:11:56.981+01:00  INFO 20624 --- [nfoReplicator-0] com.netflix.discovery.DiscoveryClient    : DiscoveryClient_GAMES-SERVICE/localhost:games-service:8090: registering service...
2023-11-29T23:11:56.999+01:00  INFO 20624 --- [           main] com.khalil.sma.SMATests                  : Started SMATests in 11.836 seconds (process running for 12.838)
2023-11-29T23:11:57.037+01:00  INFO 20624 --- [nfoReplicator-0] com.netflix.discovery.DiscoveryClient    : DiscoveryClient_GAMES-SERVICE/localhost:games-service:8090 - registration status: 204
Hibernate: select g1_0.id_game,g1_0.date_found,g1_0.genre_id_leg,g1_0.image_id_image,g1_0.nom_game from game g1_0 where g1_0.genre_id_leg=?
]]></system-out>
  </testcase>
  <testcase name="testFindByNomProduitContains" classname="com.khalil.sma.SMATests" time="0.032">
    <system-out><![CDATA[Hibernate: select g1_0.id_game,g1_0.date_found,g1_0.genre_id_leg,g1_0.image_id_image,g1_0.nom_game from game g1_0 where g1_0.nom_game like ? escape '\\'
Game [idGame=9, nomGame=battlefield, =]
]]></system-out>
  </testcase>
  <testcase name="testCreateGame" classname="com.khalil.sma.SMATests" time="0.071">
    <system-out><![CDATA[Hibernate: insert into game (date_found,genre_id_leg,image_id_image,nom_game) values (?,?,?,?)
]]></system-out>
  </testcase>
  <testcase name="findByCategorieIdCat" classname="com.khalil.sma.SMATests" time="0.007">
    <system-out><![CDATA[Hibernate: select g1_0.id_game,g1_0.date_found,g1_0.genre_id_leg,g1_0.image_id_image,g1_0.nom_game from game g1_0 where g1_0.genre_id_leg=?
]]></system-out>
  </testcase>
  <testcase name="testFindByNomGame" classname="com.khalil.sma.SMATests" time="0.007">
    <system-out><![CDATA[Hibernate: select g1_0.id_game,g1_0.date_found,g1_0.genre_id_leg,g1_0.image_id_image,g1_0.nom_game from game g1_0 where g1_0.nom_game=?
Game [idGame=9, nomGame=battlefield, =]
Game [idGame=10, nomGame=battlefield, =]
]]></system-out>
  </testcase>
  <testcase name="testfindByOrderByNomGameAsc" classname="com.khalil.sma.SMATests" time="0.025">
    <system-out><![CDATA[Hibernate: select g1_0.id_game,g1_0.date_found,g1_0.genre_id_leg,g1_0.image_id_image,g1_0.nom_game from game g1_0 order by g1_0.nom_game
Hibernate: select g1_0.id_leg,g1_0.nom_genre from genre g1_0 where g1_0.id_leg=?
Hibernate: select i1_0.id_image,g1_0.id_game,g1_0.date_found,g2_0.id_leg,g2_0.nom_genre,i2_0.id_image,i2_0.game_id_game,i2_0.image,i2_0.name,i2_0.type,g1_0.nom_game,i1_0.image,i1_0.name,i1_0.type from image i1_0 left join game g1_0 on g1_0.id_game=i1_0.game_id_game left join genre g2_0 on g2_0.id_leg=g1_0.genre_id_leg left join image i2_0 on i2_0.id_image=g1_0.image_id_image where i1_0.id_image=?
Hibernate: select g1_0.id_leg,g1_0.nom_genre from genre g1_0 where g1_0.id_leg=?
Hibernate: select i1_0.id_image,g1_0.id_game,g1_0.date_found,g2_0.id_leg,g2_0.nom_genre,i2_0.id_image,i2_0.game_id_game,i2_0.image,i2_0.name,i2_0.type,g1_0.nom_game,i1_0.image,i1_0.name,i1_0.type from image i1_0 left join game g1_0 on g1_0.id_game=i1_0.game_id_game left join genre g2_0 on g2_0.id_leg=g1_0.genre_id_leg left join image i2_0 on i2_0.id_image=g1_0.image_id_image where i1_0.id_image=?
Game [idGame=9, nomGame=battlefield, =]
Game [idGame=10, nomGame=battlefield, =]
Game [idGame=8, nomGame=FORTI morning, =]
Game [idGame=7, nomGame=FORTI NIGHTY, =]
]]></system-out>
  </testcase>
  <testcase name="contextLoads" classname="com.khalil.sma.SMATests" time="0.002"/>
</testsuite>